Using pre-set license
Built from '2020.3/staging' branch; Version is '2020.3.0f1 (c7b5465681fb) revision 13088070'; Using compiler version '192528614'; Build Type 'Release'
OS: 'Windows 10 Home; OS build 19042.1052; Version 2009; 64bit' Language: 'en' Physical Memory: 32692 MB
BatchMode: 1, IsHumanControllingUs: 0, StartBugReporterOnCrash: 0, Is64bit: 1, IsPro: 0

 COMMAND LINE ARGUMENTS:
C:\Program Files\2020.3.0f1\Editor\Unity.exe
-adb2
-batchMode
-noUpm
-name
AssetImportWorker0
-projectPath
C:/Users/perry/Documents/GitHub/Synth-Run/BLOCK RUN - IOS
-logFile
Logs/AssetImportWorker0.log
-srvPort
64001
Successfully changed project path to: C:/Users/perry/Documents/GitHub/Synth-Run/BLOCK RUN - IOS
C:/Users/perry/Documents/GitHub/Synth-Run/BLOCK RUN - IOS
Using Asset Import Pipeline V2.
Refreshing native plugins compatible for Editor in 28.28 ms, found 0 plugins.
Preloading 0 native plugins for Editor in 0.00 ms.
Initialize engine version: 2020.3.0f1 (c7b5465681fb)
[Subsystems] Discovering subsystems at path C:/Program Files/2020.3.0f1/Editor/Data/Resources/UnitySubsystems
[Subsystems] Discovering subsystems at path C:/Users/perry/Documents/GitHub/Synth-Run/BLOCK RUN - IOS/Assets
GfxDevice: creating device client; threaded=0
Direct3D:
    Version:  Direct3D 11.0 [level 11.1]
    Renderer: NVIDIA GeForce GTX 1060 6GB (ID=0x1c03)
    Vendor:   
    VRAM:     6052 MB
    Driver:   27.21.14.5671
Initialize mono
Mono path[0] = 'C:/Program Files/2020.3.0f1/Editor/Data/Managed'
Mono path[1] = 'C:/Program Files/2020.3.0f1/Editor/Data/MonoBleedingEdge/lib/mono/unityjit'
Mono config path = 'C:/Program Files/2020.3.0f1/Editor/Data/MonoBleedingEdge/etc'
Using monoOptions --debugger-agent=transport=dt_socket,embedding=1,server=y,suspend=n,address=127.0.0.1:56040
Begin MonoManager ReloadAssembly
Registering precompiled unity dll's ...
Register platform support module: C:/Program Files/2020.3.0f1/Editor/Data/PlaybackEngines/WindowsStandaloneSupport/UnityEditor.WindowsStandalone.Extensions.dll
Registered in 0.001283 seconds.
Native extension for WindowsStandalone target not found
Refreshing native plugins compatible for Editor in 24.28 ms, found 0 plugins.
Preloading 0 native plugins for Editor in 0.00 ms.
Invoked RoslynAnalysisRunner static constructor.
RoslynAnalysisRunner will not be running.
RoslynAnalysisRunner has terminated.
Mono: successfully reloaded assembly
- Completed reload, in  1.198 seconds
Platform modules already initialized, skipping
Registering precompiled user dll's ...
Registered in 0.001794 seconds.
Begin MonoManager ReloadAssembly
Symbol file data-0000023BFAF5C020 doesn't match image C:\Users\perry\Documents\GitHub\Synth-Run\BLOCK RUN - IOS\Library\ScriptAssemblies\Unity.VSCode.Editor.dll
Symbol file LoadedFromMemory is not a mono symbol file
Symbol file data-0000023A00BFE010 doesn't match image C:\Users\perry\Documents\GitHub\Synth-Run\BLOCK RUN - IOS\Library\ScriptAssemblies\Unity.2D.Tilemap.Editor.dll
Symbol file LoadedFromMemory is not a mono symbol file
Symbol file data-0000023BFAF5C020 doesn't match image C:\Users\perry\Documents\GitHub\Synth-Run\BLOCK RUN - IOS\Library\ScriptAssemblies\UnityEngine.Purchasing.dll
Symbol file LoadedFromMemory is not a mono symbol file
Symbol file data-0000023A0098D460 doesn't match image C:\Users\perry\Documents\GitHub\Synth-Run\BLOCK RUN - IOS\Library\ScriptAssemblies\UnityEngine.XR.LegacyInputHelpers.dll
Symbol file LoadedFromMemory is not a mono symbol file
Symbol file data-0000023BFFA7B030 doesn't match image C:\Users\perry\Documents\GitHub\Synth-Run\BLOCK RUN - IOS\Library\ScriptAssemblies\Unity.VisualStudio.Editor.dll
Symbol file LoadedFromMemory is not a mono symbol file
Symbol file data-0000023BFFB86230 doesn't match image C:\Users\perry\Documents\GitHub\Synth-Run\BLOCK RUN - IOS\Library\ScriptAssemblies\UnityEngine.TestRunner.dll
Symbol file LoadedFromMemory is not a mono symbol file
Symbol file data-0000023A00547020 doesn't match image C:\Users\perry\Documents\GitHub\Synth-Run\BLOCK RUN - IOS\Library\ScriptAssemblies\Unity.Timeline.Editor.dll
Symbol file LoadedFromMemory is not a mono symbol file
Symbol file data-0000023A00547020 doesn't match image C:\Users\perry\Documents\GitHub\Synth-Run\BLOCK RUN - IOS\Library\ScriptAssemblies\Unity.Timeline.dll
Symbol file LoadedFromMemory is not a mono symbol file
Symbol file data-0000023BFFA58010 doesn't match image C:\Users\perry\Documents\GitHub\Synth-Run\BLOCK RUN - IOS\Library\ScriptAssemblies\UnityEditor.XR.LegacyInputHelpers.dll
Symbol file LoadedFromMemory is not a mono symbol file
Symbol file data-0000023BFFB86230 doesn't match image C:\Users\perry\Documents\GitHub\Synth-Run\BLOCK RUN - IOS\Library\ScriptAssemblies\Unity.CollabProxy.Editor.dll
Symbol file LoadedFromMemory is not a mono symbol file
Symbol file data-0000023BFAF5C020 doesn't match image C:\Users\perry\Documents\GitHub\Synth-Run\BLOCK RUN - IOS\Library\ScriptAssemblies\UnityEngine.Monetization.dll
Symbol file LoadedFromMemory is not a mono symbol file
Symbol file data-0000023BFF6EFA30 doesn't match image C:\Users\perry\Documents\GitHub\Synth-Run\BLOCK RUN - IOS\Library\ScriptAssemblies\UnityEditor.TestRunner.dll
Symbol file LoadedFromMemory is not a mono symbol file
Symbol file data-0000023BFF6EFA30 doesn't match image C:\Users\perry\Documents\GitHub\Synth-Run\BLOCK RUN - IOS\Library\ScriptAssemblies\Unity.2D.Sprite.Editor.dll
Symbol file LoadedFromMemory is not a mono symbol file
Symbol file data-0000023BFFA58010 doesn't match image C:\Users\perry\Documents\GitHub\Synth-Run\BLOCK RUN - IOS\Library\ScriptAssemblies\UnityEditor.Purchasing.dll
Symbol file LoadedFromMemory is not a mono symbol file
Symbol file data-0000023BFAC725D0 doesn't match image C:\Users\perry\Documents\GitHub\Synth-Run\BLOCK RUN - IOS\Library\ScriptAssemblies\UnityEditor.UI.dll
Symbol file LoadedFromMemory is not a mono symbol file
Symbol file data-0000023BFABE0010 doesn't match image C:\Users\perry\Documents\GitHub\Synth-Run\BLOCK RUN - IOS\Library\ScriptAssemblies\UnityEditor.SpatialTracking.dll
Symbol file LoadedFromMemory is not a mono symbol file
Symbol file data-0000023BFF8CCA40 doesn't match image C:\Users\perry\Documents\GitHub\Synth-Run\BLOCK RUN - IOS\Library\ScriptAssemblies\Unity.Rider.Editor.dll
Symbol file LoadedFromMemory is not a mono symbol file
Symbol file data-0000023A00CD0C20 doesn't match image C:\Users\perry\Documents\GitHub\Synth-Run\BLOCK RUN - IOS\Library\ScriptAssemblies\UnityEngine.SpatialTracking.dll
Symbol file LoadedFromMemory is not a mono symbol file
Symbol file data-0000023BFB134470 doesn't match image C:\Users\perry\Documents\GitHub\Synth-Run\BLOCK RUN - IOS\Library\ScriptAssemblies\Analytics.dll
Symbol file LoadedFromMemory is not a mono symbol file
Symbol file data-0000023BFF39CE30 doesn't match image C:\Users\perry\Documents\GitHub\Synth-Run\BLOCK RUN - IOS\Library\ScriptAssemblies\UnityEngine.UI.dll
Symbol file LoadedFromMemory is not a mono symbol file
Symbol file data-0000023BFAB79010 doesn't match image C:\Users\perry\Documents\GitHub\Synth-Run\BLOCK RUN - IOS\Library\ScriptAssemblies\UnityEngine.Advertisements.Editor.dll
Symbol file LoadedFromMemory is not a mono symbol file
Symbol file data-0000023BFF703A50 doesn't match image C:\Users\perry\Documents\GitHub\Synth-Run\BLOCK RUN - IOS\Library\ScriptAssemblies\Unity.Analytics.DataPrivacy.dll
Symbol file LoadedFromMemory is not a mono symbol file
Symbol file data-0000023BFF8CCA40 doesn't match image C:\Users\perry\Documents\GitHub\Synth-Run\BLOCK RUN - IOS\Library\ScriptAssemblies\UnityEngine.Advertisements.dll
Symbol file LoadedFromMemory is not a mono symbol file
Native extension for WindowsStandalone target not found
Refreshing native plugins compatible for Editor in 0.49 ms, found 0 plugins.
Preloading 0 native plugins for Editor in 0.00 ms.
Invoked RoslynAnalysisRunner static constructor.
RoslynAnalysisRunner will not be running.
RoslynAnalysisRunner has terminated.
Mono: successfully reloaded assembly
- Completed reload, in  0.540 seconds
Platform modules already initialized, skipping
========================================================================
Worker process is ready to serve import requests
Launched and connected shader compiler UnityShaderCompiler.exe after 0.03 seconds
Refreshing native plugins compatible for Editor in 0.38 ms, found 0 plugins.
Preloading 0 native plugins for Editor in 0.00 ms.
Unloading 1439 Unused Serialized files (Serialized files now loaded: 0)
System memory in use before: 69.1 MB.
System memory in use after: 69.1 MB.

Unloading 34 unused Assets to reduce memory usage. Loaded Objects now: 1871.
Total: 1.301800 ms (FindLiveObjects: 0.125200 ms CreateObjectMapping: 0.027700 ms MarkObjects: 1.082400 ms  DeleteObjects: 0.066000 ms)

========================================================================
Received Import Request.
  path: Assets/Scenes/Title.unity
  artifactKey: Guid(399ff74bdd664314388c7cb57c816348) Importer(815301076,1909f56bfc062723c751e8b465ee728b)
Start importing Assets/Scenes/Title.unity using Guid(399ff74bdd664314388c7cb57c816348) Importer(815301076,1909f56bfc062723c751e8b465ee728b)  -> (artifact id: '779aee33ec04370f13af3ad4cc8a4168') in 0.012027 seconds
  Import took 0.013998 seconds .

